<?xml version="1.0" encoding="UTF-8"?>
<!-- Generated by org.testng.reporters.JUnitXMLReporter -->
<testsuite ignored="4" hostname="LAPTOP-TKD45B3R" failures="0" tests="1" name="chrome" time="46.36" errors="0" timestamp="2023-02-20T22:05:49 EST">
  <testcase classname="tdd.Nissan.InternetQuote.Test.InternetQuoteTest" name="internetquote1" time="27.127"/>
  <testcase classname="tdd.Nissan.InternetQuote.Test.InternetQuoteTest" name="testRetry" time="0.0">
    <ignored/>
  </testcase> <!-- testRetry -->
  <testcase classname="tdd.Nissan.InternetQuote.Test.InternetQuoteTest" name="test1" time="0.0">
    <ignored/>
  </testcase> <!-- test1 -->
  <testcase classname="tdd.Nissan.InternetQuote.Test.InternetQuoteTest" name="test2" time="0.0">
    <ignored/>
  </testcase> <!-- test2 -->
  <testcase classname="tdd.Nissan.InternetQuote.Test.InternetQuoteTest" name="test3" time="0.0">
    <ignored/>
  </testcase> <!-- test3 -->
</testsuite> <!-- chrome -->
