<?xml version="1.0" encoding="UTF-8"?>
<!-- Generated by org.testng.reporters.JUnitXMLReporter -->
<testsuite ignored="2" hostname="LAPTOP-TKD45B3R" failures="2" tests="5" name="Test" time="48.884" errors="0" timestamp="2023-02-21T01:31:55 EST">
  <testcase classname="tdd.Nissan.InternetQuote.Test.InternetQuoteTest" name="internetquote1" time="14.973"/>
  <testcase classname="tdd.Nissan.InternetQuote.Test.InternetQuoteTest" name="test3" time="0.003">
    <failure type="java.lang.AssertionError" message="null">
      <![CDATA[java.lang.AssertionError: null
at tdd.Nissan.InternetQuote.Test.InternetQuoteTest.test3(InternetQuoteTest.java:44)
at java.base/java.util.ArrayList.forEach(ArrayList.java:1511)
... Removed 29 stack frames]]>
    </failure>
  </testcase> <!-- test3 -->
  <testcase classname="tdd.Nissan.InternetQuote.Test.InternetQuoteTest" name="testRetry" time="0.003">
    <skipped/>
  </testcase> <!-- testRetry -->
  <testcase classname="tdd.Nissan.InternetQuote.Test.InternetQuoteTest" name="testRetry" time="0.002">
    <skipped/>
  </testcase> <!-- testRetry -->
  <testcase classname="tdd.Nissan.InternetQuote.Test.InternetQuoteTest" name="testRetry" time="0.003">
    <failure type="java.lang.AssertionError" message="null">
      <![CDATA[java.lang.AssertionError: null
at tdd.Nissan.InternetQuote.Test.InternetQuoteTest.testRetry(InternetQuoteTest.java:52)
at java.base/java.util.ArrayList.forEach(ArrayList.java:1511)
... Removed 29 stack frames]]>
    </failure>
  </testcase> <!-- testRetry -->
  <testcase classname="tdd.Nissan.InternetQuote.Test.InternetQuoteTest" name="test1" time="0.0">
    <ignored/>
  </testcase> <!-- test1 -->
  <testcase classname="tdd.Nissan.InternetQuote.Test.InternetQuoteTest" name="test2" time="0.0">
    <ignored/>
  </testcase> <!-- test2 -->
</testsuite> <!-- Test -->
