<?xml version="1.0" encoding="UTF-8"?>
<testng-results ignored="4" total="5" passed="1" failed="0" skipped="0">
  <reporter-output>
    <line>
      <![CDATA[[[ChromeDriver: chrome on WINDOWS (aa4ea6bedfef2983ab61e52f182e86d2)] -> xpath: //span[text()='Get Internet Quote']] ---> has been clicked<br>]]>
    </line>
    <line>
      <![CDATA[Validating ---> Actual : *** REQUEST A QUOTE ***. Expected : *** REQUEST A QUOTE ***<br>]]>
    </line>
    <line>
      <![CDATA[Sanjib <--- This value has been passed into ---> [[ChromeDriver: chrome on WINDOWS (aa4ea6bedfef2983ab61e52f182e86d2)] -> xpath: (//input[@id='textfield_2dac'])[1]]<br>]]>
    </line>
    <line>
      <![CDATA[02587502 <--- This value has been passed into ---> [[ChromeDriver: chrome on WINDOWS (aa4ea6bedfef2983ab61e52f182e86d2)] -> xpath: //input[@id='textField2']]<br>]]>
    </line>
  </reporter-output>
  <suite started-at="2023-03-19T12:38:25 EDT" name="Suite" finished-at="2023-03-19T12:38:58 EDT" duration-ms="32608">
    <groups>
      <group name="internet">
        <method signature="InternetQuoteTest.internetquote1()[pri:0, instance:tdd.Nissan.InternetQuote.Test.InternetQuoteTest@1530c739]" name="internetquote1" class="tdd.Nissan.InternetQuote.Test.InternetQuoteTest"/>
      </group> <!-- internet -->
    </groups>
    <test started-at="2023-03-19T12:38:25 EDT" name="Test" finished-at="2023-03-19T12:38:58 EDT" duration-ms="32608">
      <class name="tdd.Nissan.InternetQuote.Test.InternetQuoteTest">
        <test-method is-config="true" signature="initExtentReport()[pri:0, instance:tdd.Nissan.InternetQuote.Test.InternetQuoteTest@1530c739]" started-at="2023-03-19T12:38:25 EDT" name="initExtentReport" finished-at="2023-03-19T12:38:25 EDT" duration-ms="280" status="PASS">
          <reporter-output>
          </reporter-output>
        </test-method> <!-- initExtentReport -->
        <test-method is-config="true" signature="startExtentReport(java.lang.reflect.Method)[pri:0, instance:tdd.Nissan.InternetQuote.Test.InternetQuoteTest@1530c739]" started-at="2023-03-19T12:38:25 EDT" name="startExtentReport" finished-at="2023-03-19T12:38:25 EDT" duration-ms="5" status="PASS">
          <params>
            <param index="0">
              <value>
                <![CDATA[public void tdd.Nissan.InternetQuote.Test.InternetQuoteTest.internetquote1() throws java.lang.InterruptedException]]>
              </value>
            </param>
          </params>
          <reporter-output>
          </reporter-output>
        </test-method> <!-- startExtentReport -->
        <test-method is-config="true" signature="setUpDriver(java.lang.String)[pri:0, instance:tdd.Nissan.InternetQuote.Test.InternetQuoteTest@1530c739]" started-at="2023-03-19T12:38:25 EDT" name="setUpDriver" finished-at="2023-03-19T12:38:42 EDT" duration-ms="16579" status="PASS">
          <params>
            <param index="0">
              <value>
                <![CDATA[chrome]]>
              </value>
            </param>
          </params>
          <reporter-output>
          </reporter-output>
        </test-method> <!-- setUpDriver -->
        <test-method signature="internetquote1()[pri:0, instance:tdd.Nissan.InternetQuote.Test.InternetQuoteTest@1530c739]" started-at="2023-03-19T12:38:42 EDT" name="internetquote1" finished-at="2023-03-19T12:38:58 EDT" duration-ms="15702" status="PASS">
          <reporter-output>
            <line>
              <![CDATA[[[ChromeDriver: chrome on WINDOWS (aa4ea6bedfef2983ab61e52f182e86d2)] -> xpath: //span[text()='Get Internet Quote']] ---> has been clicked<br>]]>
            </line>
            <line>
              <![CDATA[Validating ---> Actual : *** REQUEST A QUOTE ***. Expected : *** REQUEST A QUOTE ***<br>]]>
            </line>
            <line>
              <![CDATA[Sanjib <--- This value has been passed into ---> [[ChromeDriver: chrome on WINDOWS (aa4ea6bedfef2983ab61e52f182e86d2)] -> xpath: (//input[@id='textfield_2dac'])[1]]<br>]]>
            </line>
            <line>
              <![CDATA[02587502 <--- This value has been passed into ---> [[ChromeDriver: chrome on WINDOWS (aa4ea6bedfef2983ab61e52f182e86d2)] -> xpath: //input[@id='textField2']]<br>]]>
            </line>
          </reporter-output>
        </test-method> <!-- internetquote1 -->
        <test-method is-config="true" signature="tearUp()[pri:0, instance:tdd.Nissan.InternetQuote.Test.InternetQuoteTest@1530c739]" started-at="2023-03-19T12:38:58 EDT" name="tearUp" finished-at="2023-03-19T12:38:58 EDT" duration-ms="287" status="PASS">
          <reporter-output>
          </reporter-output>
        </test-method> <!-- tearUp -->
        <test-method is-config="true" signature="getResult(org.testng.ITestResult,java.lang.reflect.Method)[pri:0, instance:tdd.Nissan.InternetQuote.Test.InternetQuoteTest@1530c739]" started-at="2023-03-19T12:38:58 EDT" name="getResult" finished-at="2023-03-19T12:38:58 EDT" duration-ms="0" status="PASS">
          <params>
            <param index="0">
              <value>
                <![CDATA[[TestResult name=internetquote1 status=SUCCESS method=InternetQuoteTest.internetquote1()[pri:0, instance:tdd.Nissan.InternetQuote.Test.InternetQuoteTest@1530c739] output=[[ChromeDriver: chrome on WINDOWS (aa4ea6bedfef2983ab61e52f182e86d2)] -> xpath: //span[text()='Get Internet Quote']] ---> has been clicked<br>]]]>
              </value>
            </param>
            <param index="1">
              <value>
                <![CDATA[public void tdd.Nissan.InternetQuote.Test.InternetQuoteTest.internetquote1() throws java.lang.InterruptedException]]>
              </value>
            </param>
          </params>
          <reporter-output>
          </reporter-output>
        </test-method> <!-- getResult -->
        <test-method is-config="true" signature="closeReport()[pri:0, instance:tdd.Nissan.InternetQuote.Test.InternetQuoteTest@1530c739]" started-at="2023-03-19T12:38:58 EDT" name="closeReport" finished-at="2023-03-19T12:38:59 EDT" duration-ms="674" status="PASS">
          <reporter-output>
          </reporter-output>
        </test-method> <!-- closeReport -->
      </class> <!-- tdd.Nissan.InternetQuote.Test.InternetQuoteTest -->
    </test> <!-- Test -->
  </suite> <!-- Suite -->
</testng-results>
